2023-11-03 10:51:31 | INFO | CONFIGURAÇÃO PARA 4 CASAS DECIMAIS NOS N°S COM PONTO FLUTUANTE REALIZADA COM SUCESSO.
2023-11-03 11:03:19 | INFO | CONFIGURAÇÃO PARA 4 CASAS DECIMAIS NOS N°S COM PONTO FLUTUANTE REALIZADA COM SUCESSO.
2023-11-03 11:05:36 | INFO | CONFIGURAÇÃO PARA 4 CASAS DECIMAIS NOS N°S COM PONTO FLUTUANTE REALIZADA COM SUCESSO.
2023-11-03 11:10:55 | INFO | CONFIGURAÇÃO PARA 4 CASAS DECIMAIS NOS N°S COM PONTO FLUTUANTE REALIZADA COM SUCESSO.
2023-11-03 11:13:51 | INFO | NOME DO DIRETÓRIO COLETADO COM SUCESSO.
2023-11-03 11:14:02 | INFO | DATA REFERÊNCIA COLETADA COM SUCESSO.
2023-11-03 11:14:48 | INFO | NOME DO ARQUIVO COLETADO COM SUCESSO.
2023-11-03 11:17:19 | INFO | CONFIGURAÇÃO PARA 4 CASAS DECIMAIS NOS N°S COM PONTO FLUTUANTE REALIZADA COM SUCESSO.
2023-11-03 11:17:19 | INFO | NOME DO DIRETÓRIO COLETADO COM SUCESSO.
2023-11-03 11:17:19 | INFO | DATA REFERÊNCIA COLETADA COM SUCESSO.
2023-11-03 11:17:19 | INFO | NOME DO ARQUIVO COLETADO COM SUCESSO.
2023-11-03 11:18:28 | INFO | CONFIGURAÇÃO PARA 4 CASAS DECIMAIS NOS N°S COM PONTO FLUTUANTE REALIZADA COM SUCESSO.
2023-11-03 11:18:28 | INFO | NOME DO DIRETÓRIO COLETADO COM SUCESSO.
2023-11-03 11:18:28 | INFO | DATA REFERÊNCIA COLETADA COM SUCESSO.
2023-11-03 11:18:28 | INFO | NOME DO ARQUIVO COLETADO COM SUCESSO.
2023-11-03 11:19:57 | INFO | CONFIGURAÇÃO PARA 4 CASAS DECIMAIS NOS N°S COM PONTO FLUTUANTE REALIZADA COM SUCESSO.
2023-11-03 11:19:57 | INFO | NOME DO DIRETÓRIO COLETADO COM SUCESSO.
2023-11-03 11:19:57 | INFO | DATA REFERÊNCIA COLETADA COM SUCESSO.
2023-11-03 11:19:57 | INFO | NOME DO ARQUIVO COLETADO COM SUCESSO.
2023-11-03 11:26:31 | INFO | CONFIGURAÇÃO PARA 4 CASAS DECIMAIS NOS N°S COM PONTO FLUTUANTE REALIZADA COM SUCESSO.
2023-11-03 11:26:31 | INFO | NOME DO DIRETÓRIO COLETADO COM SUCESSO.
2023-11-03 11:26:31 | INFO | DATA REFERÊNCIA COLETADA COM SUCESSO.
2023-11-03 11:26:31 | INFO | NOME DO ARQUIVO COLETADO COM SUCESSO.
2023-11-03 11:27:14 | ERROR | Erro HTTP: 403 Client Error: Forbidden for url: https://portaldatransparencia.gov.br/download-de-dados/emendas-parlamentares/UNICO
2023-11-03 11:27:15 | ERROR | Outro erro HTTP ocorreu.
2023-11-03 11:28:35 | INFO | CONFIGURAÇÃO PARA 4 CASAS DECIMAIS NOS N°S COM PONTO FLUTUANTE REALIZADA COM SUCESSO.
2023-11-03 11:28:35 | INFO | NOME DO DIRETÓRIO COLETADO COM SUCESSO.
2023-11-03 11:28:35 | INFO | DATA REFERÊNCIA COLETADA COM SUCESSO.
2023-11-03 11:28:35 | INFO | NOME DO ARQUIVO COLETADO COM SUCESSO.
2023-11-03 11:34:28 | INFO | CONFIGURAÇÃO PARA 4 CASAS DECIMAIS NOS N°S COM PONTO FLUTUANTE REALIZADA COM SUCESSO.
2023-11-03 11:34:28 | INFO | NOME DO DIRETÓRIO COLETADO COM SUCESSO.
2023-11-03 11:34:28 | INFO | DATA REFERÊNCIA COLETADA COM SUCESSO.
2023-11-03 11:34:28 | INFO | NOME DO ARQUIVO COLETADO COM SUCESSO.
2023-11-03 11:47:56 | INFO | CONFIGURAÇÃO PARA 4 CASAS DECIMAIS NOS N°S COM PONTO FLUTUANTE REALIZADA COM SUCESSO.
2023-11-03 11:47:56 | INFO | NOME DO DIRETÓRIO COLETADO COM SUCESSO.
2023-11-03 11:47:56 | INFO | DATA REFERÊNCIA COLETADA COM SUCESSO.
2023-11-03 11:47:56 | INFO | NOME DO ARQUIVO COLETADO COM SUCESSO.
2023-11-03 11:54:48 | INFO | CONFIGURAÇÃO PARA 4 CASAS DECIMAIS NOS N°S COM PONTO FLUTUANTE REALIZADA COM SUCESSO.
2023-11-03 11:54:48 | INFO | NOME DO DIRETÓRIO COLETADO COM SUCESSO.
2023-11-03 11:54:48 | INFO | DATA REFERÊNCIA COLETADA COM SUCESSO.
2023-11-03 11:54:48 | INFO | NOME DO ARQUIVO COLETADO COM SUCESSO.
2023-11-03 11:59:40 | INFO | CONFIGURAÇÃO PARA 4 CASAS DECIMAIS NOS N°S COM PONTO FLUTUANTE REALIZADA COM SUCESSO.
2023-11-03 11:59:40 | INFO | NOME DO DIRETÓRIO COLETADO COM SUCESSO.
2023-11-03 11:59:40 | INFO | DATA REFERÊNCIA COLETADA COM SUCESSO.
2023-11-03 11:59:40 | INFO | NOME DO ARQUIVO COLETADO COM SUCESSO.
2023-11-03 12:02:26 | INFO | CONFIGURAÇÃO PARA 4 CASAS DECIMAIS NOS N°S COM PONTO FLUTUANTE REALIZADA COM SUCESSO.
2023-11-03 12:02:26 | INFO | NOME DO DIRETÓRIO COLETADO COM SUCESSO.
2023-11-03 12:02:26 | INFO | DATA REFERÊNCIA COLETADA COM SUCESSO.
2023-11-03 12:02:26 | INFO | NOME DO ARQUIVO COLETADO COM SUCESSO.
